[22-Apr-2025 07:37:20 UTC] Request parameters: campus=Lipa, year=2028, proposal_id=30, format=
[22-Apr-2025 07:40:53 UTC] Request parameters: campus=Lipa, year=2028, proposal_id=30, format=
[22-Apr-2025 07:47:28 UTC] Request parameters: campus=Lipa, year=2028, proposal_id=30, format=
[23-Apr-2025 00:49:18 UTC] Request parameters: campus=Lipa, year=2028, proposal_id=30, format=
[24-Apr-2025 02:37:23 UTC] Request parameters: campus=Lipa, year=2028, proposal_id=30, format=
[24-Apr-2025 03:10:23 UTC] Request parameters: campus=Lipa, year=2028, proposal_id=30, format=
[24-Apr-2025 04:45:39 UTC] Request parameters: campus=Lipa, year=2028, proposal_id=30, format=
[24-Apr-2025 04:48:11 UTC] Request parameters: campus=Lipa, year=2028, proposal_id=30, format=
[24-Apr-2025 04:55:12 UTC] Request parameters: campus=Lipa, year=2028, proposal_id=30, format=
[24-Apr-2025 04:59:09 UTC] Request parameters: campus=Lipa, year=2028, proposal_id=30, format=
[24-Apr-2025 05:04:37 UTC] Request parameters: campus=Lipa, year=2028, proposal_id=30, format=
[24-Apr-2025 05:07:34 UTC] Request parameters: campus=Lipa, year=2028, proposal_id=30, format=
[24-Apr-2025 08:07:04 UTC] Request parameters: campus=Lipa, year=2028, proposal_id=30, format=
[24-Apr-2025 08:12:54 UTC] Request parameters: campus=Lipa, year=2028, proposal_id=30, format=
[25-Apr-2025 00:21:47 UTC] Request parameters: campus=Lipa, year=2028, proposal_id=30, format=
[25-Apr-2025 00:26:11 UTC] Request parameters: campus=Lipa, year=2028, proposal_id=30, format=
[25-Apr-2025 00:38:21 UTC] Request parameters: campus=Lipa, year=2028, proposal_id=30, format=
[25-Apr-2025 00:40:35 UTC] Request parameters: campus=Lipa, year=2028, proposal_id=30, format=
[25-Apr-2025 00:42:19 UTC] Request parameters: campus=Lipa, year=2028, proposal_id=30, format=
[25-Apr-2025 00:53:00 UTC] Request parameters: campus=Lipa, year=2028, proposal_id=30, format=
[25-Apr-2025 00:59:23 UTC] Request parameters: campus=Lipa, year=2028, proposal_id=30, format=
[25-Apr-2025 01:06:30 UTC] Request parameters: campus=Lipa, year=2028, proposal_id=30, format=
[25-Apr-2025 01:13:31 UTC] Request parameters: campus=Lipa, year=2028, proposal_id=30, format=
[25-Apr-2025 01:17:12 UTC] Request parameters: campus=Lipa, year=2028, proposal_id=30, format=
[25-Apr-2025 01:21:17 UTC] Request parameters: campus=Lipa, year=2028, proposal_id=30, format=
[25-Apr-2025 01:25:48 UTC] Request parameters: campus=Lipa, year=2028, proposal_id=30, format=
[25-Apr-2025 01:35:49 UTC] Request parameters: campus=Lipa, year=2028, proposal_id=30, format=
[25-Apr-2025 01:59:03 UTC] Request parameters: campus=Lipa, year=2028, proposal_id=30, format=
[25-Apr-2025 02:01:55 UTC] Request parameters: campus=Lipa, year=2028, proposal_id=30, format=
[25-Apr-2025 02:08:52 UTC] Request parameters: campus=Lipa, year=2028, proposal_id=30, format=
[25-Apr-2025 02:10:08 UTC] Request parameters: campus=Lipa, year=2028, proposal_id=30, format=
[25-Apr-2025 02:12:32 UTC] Request parameters: campus=Lipa, year=2028, proposal_id=30, format=
[25-Apr-2025 02:14:35 UTC] Request parameters: campus=Lipa, year=2028, proposal_id=30, format=
[25-Apr-2025 02:15:42 UTC] Request parameters: campus=Lipa, year=2028, proposal_id=30, format=
[25-Apr-2025 02:16:08 UTC] Request parameters: campus=Lipa, year=2028, proposal_id=30, format=
[25-Apr-2025 02:17:18 UTC] Request parameters: campus=Lipa, year=2028, proposal_id=30, format=
[25-Apr-2025 02:21:18 UTC] Request parameters: campus=Lipa, year=2028, proposal_id=30, format=
[25-Apr-2025 07:33:52 UTC] Request parameters: campus=Lipa, year=2028, proposal_id=30, format=
[28-Apr-2025 02:34:36 UTC] Request parameters: campus=Lipa, year=2028, proposal_id=30, format=
[28-Apr-2025 03:00:34 UTC] Request parameters: campus=Lipa, year=2028, proposal_id=30, format=
[28-Apr-2025 06:35:44 UTC] Request parameters: campus=Lipa, year=2028, proposal_id=30, format=
[28-Apr-2025 08:24:59 UTC] Request parameters: campus=Lipa, year=2028, proposal_id=30, format=
[29-Apr-2025 01:30:26 UTC] Request parameters: campus=Lipa, year=2028, proposal_id=30, format=
[29-Apr-2025 02:48:58 UTC] Request parameters: campus=Lipa, year=2028, proposal_id=30, format=
[29-Apr-2025 02:53:28 UTC] Request parameters: campus=Lipa, year=2028, proposal_id=30, format=
[29-Apr-2025 02:54:00 UTC] Request parameters: campus=Lipa, year=2028, proposal_id=30, format=
[29-Apr-2025 05:33:16 UTC] Request parameters: campus=Lipa, year=2028, proposal_id=30, format=
[30-Apr-2025 03:21:46 UTC] Request parameters: campus=Lipa, year=2025, proposal_id=54, format=
[05-May-2025 02:00:36 UTC] Request parameters: campus=Lipa, year=2028, proposal_id=30, format=
[05-May-2025 03:29:49 UTC] Request parameters: campus=Lipa, year=2028, proposal_id=30, format=
[05-May-2025 07:52:10 UTC] Request parameters: campus=Lipa, year=2028, proposal_id=30, format=
[05-May-2025 07:52:19 UTC] Request parameters: campus=Lipa, year=2028, proposal_id=30, format=
[05-May-2025 07:57:24 UTC] Request parameters: campus=Lipa, year=2028, proposal_id=30, format=
[05-May-2025 07:57:32 UTC] Request parameters: campus=Lipa, year=2028, proposal_id=30, format=
[05-May-2025 07:58:43 UTC] Request parameters: campus=Lipa, year=2028, proposal_id=30, format=
[05-May-2025 07:58:50 UTC] Request parameters: campus=Lipa, year=2028, proposal_id=30, format=
[05-May-2025 08:00:03 UTC] Request parameters: campus=Lipa, year=2028, proposal_id=30, format=
[05-May-2025 08:00:10 UTC] Request parameters: campus=Lipa, year=2028, proposal_id=30, format=
[05-May-2025 08:06:31 UTC] Request parameters: campus=Central, year=2028, proposal_id=31, format=
[05-May-2025 08:06:45 UTC] Request parameters: campus=Central, year=2028, proposal_id=31, format=
[05-May-2025 23:55:43 UTC] Request parameters: campus=Lipa, year=2028, proposal_id=30, format=
[06-May-2025 01:13:51 UTC] Request parameters: campus=Lipa, year=2028, proposal_id=30, format=
[06-May-2025 01:13:52 UTC] Request parameters: campus=Lipa, year=2028, proposal_id=30, format=
[06-May-2025 01:15:39 UTC] Request parameters: campus=Lipa, year=2028, proposal_id=30, format=
[06-May-2025 01:21:20 UTC] Request parameters: campus=Lipa, year=2028, proposal_id=30, format=
[06-May-2025 01:21:22 UTC] Request parameters: campus=Lipa, year=2028, proposal_id=30, format=
[06-May-2025 01:21:28 UTC] Request parameters: campus=Lipa, year=2028, proposal_id=30, format=
[06-May-2025 01:42:08 UTC] Request parameters: campus=Lipa, year=2028, proposal_id=30, format=
[06-May-2025 01:42:24 UTC] Request parameters: campus=Lipa, year=2028, proposal_id=30, format=
[06-May-2025 01:44:03 UTC] Request parameters: campus=Lipa, year=2028, proposal_id=30, format=
[06-May-2025 05:30:02 UTC] Request parameters: campus=Lipa, year=2028, proposal_id=30, format=
[06-May-2025 06:21:17 UTC] Request parameters: campus=Lipa, year=2028, proposal_id=30, format=
[07-May-2025 03:38:11 UTC] Request parameters: campus=Lipa, year=2028, proposal_id=30, format=
[07-May-2025 07:02:21 UTC] Request parameters: campus=Lipa, year=2026, proposal_id=30, format=
[08-May-2025 00:21:47 UTC] Request parameters: campus=Lipa, year=2026, proposal_id=30, format=
[08-May-2025 00:24:15 UTC] Request parameters: campus=Lipa, year=2026, proposal_id=30, format=
[12-May-2025 03:39:25 UTC] Request parameters: campus=Lipa, year=2026, proposal_id=30, format=
[15-May-2025 01:19:16 UTC] Request parameters: campus=Lipa, year=2025, proposal_id=1, format=
[15-May-2025 01:41:40 UTC] Request parameters: campus=Lipa, year=2025, proposal_id=29, format=
[15-May-2025 02:03:50 UTC] Session not found. Current session data: 
[15-May-2025 02:04:30 UTC] Request parameters: campus=Lipa, year=2025, proposal_id=28, format=
[15-May-2025 02:04:49 UTC] Request parameters: campus=Lipa, year=2025, proposal_id=28, format=
[15-May-2025 02:05:30 UTC] Request parameters: campus=Lipa, year=2025, proposal_id=29, format=
[15-May-2025 02:19:12 UTC] Request parameters: campus=Lipa, year=2025, proposal_id=28, format=
[15-May-2025 02:19:59 UTC] Request parameters: campus=Lipa, year=2025, proposal_id=29, format=
[15-May-2025 02:20:08 UTC] Request parameters: campus=Lipa, year=2025, proposal_id=28, format=
[15-May-2025 02:20:15 UTC] Request parameters: campus=Lipa, year=2025, proposal_id=29, format=
[15-May-2025 02:20:21 UTC] Request parameters: campus=Lipa, year=2025, proposal_id=28, format=
[15-May-2025 02:21:08 UTC] Request parameters: campus=Lipa, year=2025, proposal_id=29, format=
[15-May-2025 02:21:36 UTC] Request parameters: campus=Lipa, year=2025, proposal_id=28, format=
[15-May-2025 02:24:19 UTC] Request parameters: campus=Lipa, year=2025, proposal_id=29, format=
[15-May-2025 02:24:26 UTC] Request parameters: campus=Lipa, year=2025, proposal_id=28, format=
[15-May-2025 02:27:47 UTC] Request parameters: campus=Lipa, year=2025, proposal_id=28, format=
[15-May-2025 02:27:57 UTC] Request parameters: campus=Lipa, year=2025, proposal_id=29, format=
[15-May-2025 02:30:53 UTC] Request parameters: campus=Lipa, year=2025, proposal_id=28, format=
[15-May-2025 02:31:00 UTC] Request parameters: campus=Lipa, year=2025, proposal_id=29, format=
[15-May-2025 02:31:06 UTC] Request parameters: campus=Lipa, year=2025, proposal_id=28, format=
[15-May-2025 02:35:41 UTC] Request parameters: campus=Lipa, year=2025, proposal_id=28, format=
[15-May-2025 02:35:47 UTC] Request parameters: campus=Lipa, year=2025, proposal_id=29, format=
[15-May-2025 02:36:42 UTC] Request parameters: campus=Lipa, year=2025, proposal_id=28, format=
[15-May-2025 02:38:36 UTC] Request parameters: campus=Lipa, year=2025, proposal_id=28, format=
[15-May-2025 02:42:30 UTC] Request parameters: campus=Lipa, year=2025, proposal_id=28, format=
[15-May-2025 02:42:47 UTC] Request parameters: campus=Lipa, year=2025, proposal_id=29, format=
[15-May-2025 02:43:32 UTC] Request parameters: campus=Lipa, year=2025, proposal_id=28, format=
[15-May-2025 02:43:40 UTC] Request parameters: campus=Lipa, year=2025, proposal_id=29, format=
[15-May-2025 02:45:07 UTC] Request parameters: campus=Lipa, year=2025, proposal_id=29, format=
[15-May-2025 02:45:13 UTC] Request parameters: campus=Lipa, year=2025, proposal_id=28, format=
[15-May-2025 02:46:55 UTC] Request parameters: campus=Lipa, year=2025, proposal_id=29, format=
[15-May-2025 02:47:01 UTC] Request parameters: campus=Lipa, year=2025, proposal_id=28, format=
[15-May-2025 02:48:32 UTC] Request parameters: campus=Lipa, year=2025, proposal_id=28, format=
[15-May-2025 02:49:26 UTC] Request parameters: campus=Lipa, year=2025, proposal_id=28, format=
[15-May-2025 02:49:35 UTC] Request parameters: campus=Lipa, year=2025, proposal_id=29, format=
[15-May-2025 02:49:48 UTC] Request parameters: campus=Lipa, year=2025, proposal_id=28, format=
[15-May-2025 02:52:19 UTC] Request parameters: campus=Lipa, year=2025, proposal_id=28, format=
[15-May-2025 02:52:27 UTC] Request parameters: campus=Lipa, year=2025, proposal_id=29, format=
[15-May-2025 02:54:01 UTC] Request parameters: campus=Lipa, year=2025, proposal_id=29, format=
[15-May-2025 02:55:56 UTC] Request parameters: campus=Lipa, year=2025, proposal_id=29, format=
[15-May-2025 02:56:04 UTC] Request parameters: campus=Lipa, year=2025, proposal_id=28, format=
[15-May-2025 02:56:36 UTC] Request parameters: campus=Lipa, year=2025, proposal_id=28, format=
[15-May-2025 02:57:24 UTC] Request parameters: campus=Lipa, year=2025, proposal_id=29, format=
[15-May-2025 02:57:29 UTC] Request parameters: campus=Lipa, year=2025, proposal_id=28, format=
[15-May-2025 02:58:02 UTC] Request parameters: campus=Lipa, year=2025, proposal_id=28, format=
[15-May-2025 03:04:02 UTC] Request parameters: campus=Lipa, year=2025, proposal_id=29, format=
[15-May-2025 03:06:11 UTC] Request parameters: campus=Lipa, year=2025, proposal_id=28, format=
[15-May-2025 03:31:39 UTC] Request parameters: campus=Lipa, year=2025, proposal_id=29, format=
[15-May-2025 08:49:59 UTC] Request parameters: campus=Lipa, year=2025, proposal_id=29, format=
[15-May-2025 08:50:10 UTC] Request parameters: campus=Lipa, year=2025, proposal_id=28, format=
[15-May-2025 09:05:36 UTC] Request parameters: campus=Lipa, year=2025, proposal_id=29, format=
[15-May-2025 11:39:41 UTC] Request parameters: campus=Lipa, year=2025, proposal_id=29, format=
[15-May-2025 11:39:47 UTC] Request parameters: campus=Lipa, year=2025, proposal_id=28, format=
[15-May-2025 13:45:17 UTC] Request parameters: campus=Lipa, year=2025, proposal_id=29, format=
[15-May-2025 14:19:49 UTC] Request parameters: campus=Lipa, year=2025, proposal_id=29, format=
[15-May-2025 14:24:51 UTC] Request parameters: campus=Lipa, year=2025, proposal_id=29, format=
[15-May-2025 14:39:16 UTC] Request parameters: campus=Lipa, year=2025, proposal_id=29, format=
[15-May-2025 14:39:16 UTC] Request parameters: campus=Lipa, year=2025, proposal_id=29, format=, position=Faculty
[15-May-2025 14:45:48 UTC] Request parameters: campus=Lipa, year=2025, proposal_id=29, format=
[15-May-2025 14:45:48 UTC] Request parameters: campus=Lipa, year=2025, proposal_id=29, format=, position=Faculty
[15-May-2025 14:47:04 UTC] Request parameters: campus=Lipa, year=2025, proposal_id=29, format=, position=Faculty
[15-May-2025 14:47:04 UTC] Request parameters: campus=Lipa, year=2025, proposal_id=29, format=
[15-May-2025 14:47:40 UTC] Request parameters: campus=Lipa, year=2025, proposal_id=29, format=, position=Faculty
[15-May-2025 14:47:40 UTC] Request parameters: campus=Lipa, year=2025, proposal_id=29, format=
[15-May-2025 14:49:37 UTC] Request parameters: campus=Lipa, year=2025, proposal_id=29, format=
[15-May-2025 14:49:37 UTC] Request parameters: campus=Lipa, year=2025, proposal_id=29, format=, position=Faculty
[15-May-2025 14:49:56 UTC] Request parameters: campus=Lipa, year=2025, proposal_id=29, format=
[15-May-2025 14:49:56 UTC] Request parameters: campus=Lipa, year=2025, proposal_id=29, format=, position=Extension Coordinator
[15-May-2025 14:52:44 UTC] Request parameters: campus=Lipa, year=2025, proposal_id=29, format=
[15-May-2025 14:52:44 UTC] Request parameters: campus=Lipa, year=2025, proposal_id=29, format=, position=Faculty
[15-May-2025 14:52:58 UTC] Request parameters: campus=Lipa, year=2025, proposal_id=29, format=, position=Faculty
[15-May-2025 14:52:58 UTC] Request parameters: campus=Lipa, year=2025, proposal_id=29, format=
[15-May-2025 14:56:54 UTC] Request parameters: campus=Lipa, year=2025, proposal_id=29, format=
[15-May-2025 14:56:54 UTC] Request parameters: campus=Lipa, year=2025, proposal_id=29, format=, position=Faculty
[15-May-2025 14:58:18 UTC] Request parameters: campus=Lipa, year=2025, proposal_id=29, format=
[15-May-2025 14:58:18 UTC] Request parameters: campus=Lipa, year=2025, proposal_id=29, format=, position=Faculty
[15-May-2025 15:01:56 UTC] Request parameters: campus=Lipa, year=2025, proposal_id=29, format=
[15-May-2025 15:01:56 UTC] Request parameters: campus=Lipa, year=2025, proposal_id=29, format=, position=Faculty
[15-May-2025 15:07:57 UTC] Request parameters: campus=Lipa, year=2025, proposal_id=29, format=
[15-May-2025 15:07:57 UTC] Request parameters: campus=Lipa, year=2025, proposal_id=29, format=, position=Faculty
[15-May-2025 15:13:00 UTC] Request parameters: campus=Lipa, year=2025, proposal_id=29, format=, position=Faculty
[15-May-2025 15:13:00 UTC] Request parameters: campus=Lipa, year=2025, proposal_id=29, format=
[15-May-2025 15:25:29 UTC] Request parameters: campus=Lipa, year=2025, proposal_id=29, format=, position=Faculty
[15-May-2025 15:26:32 UTC] Request parameters: campus=Lipa, year=2025, proposal_id=29, format=, position=Faculty
[15-May-2025 15:28:34 UTC] Request parameters: campus=Lipa, year=2025, proposal_id=29, format=, position=Faculty
[15-May-2025 15:28:34 UTC] Request parameters: campus=Lipa, year=2025, proposal_id=29, format=
[15-May-2025 15:28:41 UTC] Request parameters: campus=Lipa, year=2025, proposal_id=29, format=
[15-May-2025 15:28:42 UTC] Request parameters: campus=Lipa, year=2025, proposal_id=29, format=, position=Faculty
[15-May-2025 15:30:48 UTC] Request parameters: campus=Lipa, year=2025, proposal_id=29, format=, position=Faculty
[15-May-2025 15:30:48 UTC] Request parameters: campus=Lipa, year=2025, proposal_id=29, format=
[15-May-2025 15:30:56 UTC] Request parameters: campus=Lipa, year=2025, proposal_id=28, format=, position=Faculty
[15-May-2025 15:30:56 UTC] Request parameters: campus=Lipa, year=2025, proposal_id=28, format=
[15-May-2025 15:30:59 UTC] Request parameters: campus=Lipa, year=2025, proposal_id=29, format=
[15-May-2025 15:30:59 UTC] Request parameters: campus=Lipa, year=2025, proposal_id=29, format=, position=Faculty
[15-May-2025 15:32:13 UTC] Request parameters: campus=Lipa, year=2025, proposal_id=29, format=
[15-May-2025 15:32:17 UTC] Request parameters: campus=Lipa, year=2025, proposal_id=29, format=
[15-May-2025 15:32:19 UTC] Request parameters: campus=Lipa, year=2025, proposal_id=28, format=
[15-May-2025 15:32:22 UTC] Request parameters: campus=Lipa, year=2025, proposal_id=29, format=
[15-May-2025 15:33:43 UTC] Request parameters: campus=Lipa, year=2025, proposal_id=29, format=
[15-May-2025 15:33:46 UTC] Request parameters: campus=Lipa, year=2025, proposal_id=28, format=
[15-May-2025 15:33:48 UTC] Request parameters: campus=Lipa, year=2025, proposal_id=29, format=
[15-May-2025 15:37:31 UTC] Request parameters: campus=Lipa, year=2025, proposal_id=29, format=
[15-May-2025 15:37:31 UTC] Request parameters: campus=Lipa, year=2025, proposal_id=29, format=, position=Faculty
[15-May-2025 15:40:01 UTC] Request parameters: campus=Lipa, year=2025, proposal_id=29, format=, position=Faculty
[15-May-2025 15:40:01 UTC] Request parameters: campus=Lipa, year=2025, proposal_id=29, format=
[15-May-2025 15:40:05 UTC] Request parameters: campus=Lipa, year=2025, proposal_id=28, format=
[15-May-2025 15:40:05 UTC] Request parameters: campus=Lipa, year=2025, proposal_id=28, format=, position=Faculty
[15-May-2025 15:42:00 UTC] Request parameters: campus=Lipa, year=2025, proposal_id=28, format=
[15-May-2025 15:42:00 UTC] Request parameters: campus=Lipa, year=2025, proposal_id=28, format=, position=Faculty
[15-May-2025 15:42:19 UTC] Request parameters: campus=Lipa, year=2025, proposal_id=28, format=
[15-May-2025 15:42:19 UTC] Request parameters: campus=Lipa, year=2025, proposal_id=28, format=, position=Faculty
[15-May-2025 15:42:35 UTC] Request parameters: campus=Lipa, year=2025, proposal_id=28, format=
[15-May-2025 15:42:35 UTC] Request parameters: campus=Lipa, year=2025, proposal_id=28, format=, position=Faculty
[15-May-2025 15:44:06 UTC] Request parameters: campus=Lipa, year=2025, proposal_id=28, format=
[15-May-2025 15:44:06 UTC] Request parameters: campus=Lipa, year=2025, proposal_id=28, format=, position=Faculty
[15-May-2025 15:48:56 UTC] Request parameters: campus=Lipa, year=2025, proposal_id=28, format=
[15-May-2025 15:48:56 UTC] Request parameters: campus=Lipa, year=2025, proposal_id=28, format=, position=Faculty
[15-May-2025 15:53:03 UTC] Request parameters: campus=Lipa, year=2025, proposal_id=28, format=
[15-May-2025 15:53:03 UTC] Request parameters: campus=Lipa, year=2025, proposal_id=28, format=, position=Faculty
[15-May-2025 15:54:55 UTC] Request parameters: campus=Lipa, year=2025, proposal_id=28, format=
[15-May-2025 15:54:55 UTC] Request parameters: campus=Lipa, year=2025, proposal_id=28, format=, position=Faculty
[15-May-2025 15:56:39 UTC] Request parameters: campus=Lipa, year=2025, proposal_id=28, format=
[15-May-2025 15:56:39 UTC] Request parameters: campus=Lipa, year=2025, proposal_id=28, format=, position=Faculty
[15-May-2025 15:58:10 UTC] Request parameters: campus=Lipa, year=2025, proposal_id=29, format=
[15-May-2025 15:58:10 UTC] Request parameters: campus=Lipa, year=2025, proposal_id=29, format=, position=Faculty
[15-May-2025 15:58:16 UTC] Request parameters: campus=Lipa, year=2025, proposal_id=28, format=, position=Faculty
[15-May-2025 15:58:16 UTC] Request parameters: campus=Lipa, year=2025, proposal_id=28, format=
[15-May-2025 15:58:20 UTC] Request parameters: campus=Lipa, year=2025, proposal_id=29, format=
[15-May-2025 15:58:20 UTC] Request parameters: campus=Lipa, year=2025, proposal_id=29, format=, position=Faculty
[15-May-2025 16:01:26 UTC] Request parameters: campus=Lipa, year=2025, proposal_id=29, format=
[15-May-2025 16:01:26 UTC] Request parameters: campus=Lipa, year=2025, proposal_id=29, format=, position=Faculty
[15-May-2025 16:02:31 UTC] Request parameters: campus=Lipa, year=2025, proposal_id=29, format=
[15-May-2025 16:02:31 UTC] Request parameters: campus=Lipa, year=2025, proposal_id=29, format=, position=Faculty
[15-May-2025 16:04:08 UTC] Request parameters: campus=Lipa, year=2025, proposal_id=28, format=
[15-May-2025 16:04:08 UTC] Request parameters: campus=Lipa, year=2025, proposal_id=28, format=, position=Faculty
[15-May-2025 16:05:54 UTC] Request parameters: campus=Lipa, year=2025, proposal_id=29, format=
[15-May-2025 16:05:54 UTC] Request parameters: campus=Lipa, year=2025, proposal_id=29, format=, position=Faculty
[15-May-2025 16:09:36 UTC] Request parameters: campus=Lipa, year=2025, proposal_id=29, format=
[15-May-2025 16:09:36 UTC] Request parameters: campus=Lipa, year=2025, proposal_id=29, format=, position=Faculty
[15-May-2025 16:14:17 UTC] Request parameters: campus=Lipa, year=2025, proposal_id=29, format=, position=Faculty
[15-May-2025 16:14:17 UTC] Request parameters: campus=Lipa, year=2025, proposal_id=29, format=
[15-May-2025 16:14:25 UTC] Request parameters: campus=Lipa, year=2025, proposal_id=28, format=, position=Faculty
[15-May-2025 16:14:25 UTC] Request parameters: campus=Lipa, year=2025, proposal_id=28, format=
[15-May-2025 16:14:28 UTC] Request parameters: campus=Lipa, year=2025, proposal_id=29, format=, position=Faculty
[15-May-2025 16:14:28 UTC] Request parameters: campus=Lipa, year=2025, proposal_id=29, format=
[15-May-2025 16:14:40 UTC] Request parameters: campus=Lipa, year=2025, proposal_id=29, format=, position=Faculty
[15-May-2025 16:14:40 UTC] Request parameters: campus=Lipa, year=2025, proposal_id=29, format=
[15-May-2025 16:14:44 UTC] Request parameters: campus=Lipa, year=2025, proposal_id=28, format=, position=Faculty
[15-May-2025 16:14:44 UTC] Request parameters: campus=Lipa, year=2025, proposal_id=28, format=
[15-May-2025 16:14:54 UTC] Request parameters: campus=Lipa, year=2025, proposal_id=29, format=, position=Faculty
[15-May-2025 16:14:54 UTC] Request parameters: campus=Lipa, year=2025, proposal_id=29, format=
[15-May-2025 16:14:58 UTC] Request parameters: campus=Lipa, year=2025, proposal_id=28, format=, position=Faculty
[15-May-2025 16:14:58 UTC] Request parameters: campus=Lipa, year=2025, proposal_id=28, format=
[15-May-2025 16:15:01 UTC] Request parameters: campus=Lipa, year=2025, proposal_id=29, format=
[15-May-2025 16:15:01 UTC] Request parameters: campus=Lipa, year=2025, proposal_id=29, format=, position=Faculty
[15-May-2025 16:15:10 UTC] Request parameters: campus=Lipa, year=2025, proposal_id=29, format=, position=Faculty
[15-May-2025 16:15:10 UTC] Request parameters: campus=Lipa, year=2025, proposal_id=29, format=
[15-May-2025 16:15:14 UTC] Request parameters: campus=Lipa, year=2025, proposal_id=28, format=
[15-May-2025 16:15:14 UTC] Request parameters: campus=Lipa, year=2025, proposal_id=28, format=, position=Faculty
[15-May-2025 16:15:58 UTC] Request parameters: campus=Lipa, year=2025, proposal_id=29, format=, position=Faculty
[15-May-2025 16:15:58 UTC] Request parameters: campus=Lipa, year=2025, proposal_id=29, format=
[15-May-2025 16:16:05 UTC] Request parameters: campus=Lipa, year=2025, proposal_id=28, format=, position=Faculty
[15-May-2025 16:16:05 UTC] Request parameters: campus=Lipa, year=2025, proposal_id=28, format=
[15-May-2025 16:16:07 UTC] Request parameters: campus=Lipa, year=2025, proposal_id=29, format=, position=Faculty
[15-May-2025 16:16:08 UTC] Request parameters: campus=Lipa, year=2025, proposal_id=29, format=
[15-May-2025 16:16:13 UTC] Request parameters: campus=Lipa, year=2025, proposal_id=29, format=, position=Faculty
[15-May-2025 16:16:13 UTC] Request parameters: campus=Lipa, year=2025, proposal_id=29, format=
[15-May-2025 16:16:16 UTC] Request parameters: campus=Lipa, year=2025, proposal_id=28, format=
[15-May-2025 16:16:16 UTC] Request parameters: campus=Lipa, year=2025, proposal_id=28, format=, position=Faculty
[15-May-2025 16:17:13 UTC] Request parameters: campus=Lipa, year=2025, proposal_id=28, format=, position=Faculty
[15-May-2025 16:17:13 UTC] Request parameters: campus=Lipa, year=2025, proposal_id=28, format=
[15-May-2025 16:17:17 UTC] Request parameters: campus=Lipa, year=2025, proposal_id=29, format=
[15-May-2025 16:17:17 UTC] Request parameters: campus=Lipa, year=2025, proposal_id=29, format=, position=Faculty
[15-May-2025 16:17:36 UTC] Request parameters: campus=Lipa, year=2025, proposal_id=28, format=, position=Faculty
[15-May-2025 16:17:37 UTC] Request parameters: campus=Lipa, year=2025, proposal_id=28, format=
[15-May-2025 16:17:40 UTC] Request parameters: campus=Lipa, year=2025, proposal_id=29, format=
[15-May-2025 16:17:40 UTC] Request parameters: campus=Lipa, year=2025, proposal_id=29, format=, position=Faculty
[15-May-2025 16:17:52 UTC] Request parameters: campus=Lipa, year=2025, proposal_id=28, format=, position=Faculty
[15-May-2025 16:17:52 UTC] Request parameters: campus=Lipa, year=2025, proposal_id=28, format=
[15-May-2025 16:17:55 UTC] Request parameters: campus=Lipa, year=2025, proposal_id=29, format=, position=Faculty
[15-May-2025 16:17:55 UTC] Request parameters: campus=Lipa, year=2025, proposal_id=29, format=
[15-May-2025 16:17:57 UTC] Request parameters: campus=Lipa, year=2025, proposal_id=28, format=
[15-May-2025 16:17:57 UTC] Request parameters: campus=Lipa, year=2025, proposal_id=28, format=, position=Faculty
[15-May-2025 16:18:26 UTC] Request parameters: campus=Lipa, year=2025, proposal_id=28, format=, position=Faculty
[15-May-2025 16:18:26 UTC] Request parameters: campus=Lipa, year=2025, proposal_id=28, format=
[15-May-2025 16:18:29 UTC] Request parameters: campus=Lipa, year=2025, proposal_id=29, format=
[15-May-2025 16:18:29 UTC] Request parameters: campus=Lipa, year=2025, proposal_id=29, format=, position=Faculty
[15-May-2025 16:20:33 UTC] Request parameters: campus=Lipa, year=2025, proposal_id=28, format=, position=Faculty
[15-May-2025 16:20:33 UTC] Request parameters: campus=Lipa, year=2025, proposal_id=28, format=
[15-May-2025 16:20:36 UTC] Request parameters: campus=Lipa, year=2025, proposal_id=29, format=, position=Faculty
[15-May-2025 16:20:36 UTC] Request parameters: campus=Lipa, year=2025, proposal_id=29, format=
[15-May-2025 16:20:39 UTC] Request parameters: campus=Lipa, year=2025, proposal_id=28, format=, position=Faculty
[15-May-2025 16:20:39 UTC] Request parameters: campus=Lipa, year=2025, proposal_id=28, format=
[15-May-2025 16:20:41 UTC] Request parameters: campus=Lipa, year=2025, proposal_id=29, format=
[15-May-2025 16:20:41 UTC] Request parameters: campus=Lipa, year=2025, proposal_id=29, format=, position=Faculty
[15-May-2025 16:20:45 UTC] Request parameters: campus=Lipa, year=2025, proposal_id=29, format=
[15-May-2025 16:20:45 UTC] Request parameters: campus=Lipa, year=2025, proposal_id=29, format=, position=Faculty
[15-May-2025 16:20:47 UTC] Request parameters: campus=Lipa, year=2025, proposal_id=28, format=
[15-May-2025 16:20:47 UTC] Request parameters: campus=Lipa, year=2025, proposal_id=28, format=, position=Faculty
[15-May-2025 16:21:20 UTC] Request parameters: campus=Lipa, year=2025, proposal_id=29, format=
[15-May-2025 16:21:20 UTC] Request parameters: campus=Lipa, year=2025, proposal_id=29, format=, position=Faculty
[15-May-2025 16:21:28 UTC] Request parameters: campus=Lipa, year=2025, proposal_id=28, format=
[15-May-2025 16:21:28 UTC] Request parameters: campus=Lipa, year=2025, proposal_id=28, format=, position=Faculty
[15-May-2025 16:21:30 UTC] Request parameters: campus=Lipa, year=2025, proposal_id=29, format=, position=Faculty
[15-May-2025 16:21:30 UTC] Request parameters: campus=Lipa, year=2025, proposal_id=29, format=
[15-May-2025 16:21:32 UTC] Request parameters: campus=Lipa, year=2025, proposal_id=28, format=
[15-May-2025 16:21:32 UTC] Request parameters: campus=Lipa, year=2025, proposal_id=28, format=, position=Faculty
[15-May-2025 16:28:00 UTC] Request parameters: campus=Lipa, year=2025, proposal_id=29, format=, position=Faculty
[15-May-2025 16:28:00 UTC] Request parameters: campus=Lipa, year=2025, proposal_id=29, format=
[15-May-2025 16:28:04 UTC] Request parameters: campus=Lipa, year=2025, proposal_id=28, format=, position=Faculty
[15-May-2025 16:28:04 UTC] Request parameters: campus=Lipa, year=2025, proposal_id=28, format=
[15-May-2025 16:28:07 UTC] Request parameters: campus=Lipa, year=2025, proposal_id=29, format=, position=Faculty
[15-May-2025 16:28:07 UTC] Request parameters: campus=Lipa, year=2025, proposal_id=29, format=
[15-May-2025 16:28:09 UTC] Request parameters: campus=Lipa, year=2025, proposal_id=29, format=, position=Extension Coordinator
[15-May-2025 16:28:09 UTC] Request parameters: campus=Lipa, year=2025, proposal_id=29, format=
[15-May-2025 16:28:12 UTC] Request parameters: campus=Lipa, year=2025, proposal_id=28, format=, position=Extension Coordinator
[15-May-2025 16:28:12 UTC] Request parameters: campus=Lipa, year=2025, proposal_id=28, format=
[15-May-2025 16:28:31 UTC] Request parameters: campus=Lipa, year=2025, proposal_id=29, format=, position=Faculty
[15-May-2025 16:28:31 UTC] Request parameters: campus=Lipa, year=2025, proposal_id=29, format=
[15-May-2025 16:28:34 UTC] Request parameters: campus=Lipa, year=2025, proposal_id=28, format=, position=Faculty
[15-May-2025 16:28:34 UTC] Request parameters: campus=Lipa, year=2025, proposal_id=28, format=
[15-May-2025 16:28:36 UTC] Request parameters: campus=Lipa, year=2025, proposal_id=29, format=, position=Faculty
[15-May-2025 16:28:36 UTC] Request parameters: campus=Lipa, year=2025, proposal_id=29, format=
[15-May-2025 16:28:38 UTC] Request parameters: campus=Lipa, year=2025, proposal_id=28, format=, position=Faculty
[15-May-2025 16:28:38 UTC] Request parameters: campus=Lipa, year=2025, proposal_id=28, format=
[15-May-2025 16:28:49 UTC] Request parameters: campus=Lipa, year=2025, proposal_id=29, format=, position=Faculty
[15-May-2025 16:28:49 UTC] Request parameters: campus=Lipa, year=2025, proposal_id=29, format=
[15-May-2025 16:28:52 UTC] Request parameters: campus=Lipa, year=2025, proposal_id=28, format=, position=Faculty
[15-May-2025 16:28:52 UTC] Request parameters: campus=Lipa, year=2025, proposal_id=28, format=
[15-May-2025 16:28:54 UTC] Request parameters: campus=Lipa, year=2025, proposal_id=29, format=
[15-May-2025 16:28:54 UTC] Request parameters: campus=Lipa, year=2025, proposal_id=29, format=, position=Faculty
[15-May-2025 16:38:10 UTC] Request parameters: campus=Lipa, year=2025, proposal_id=29, format=, position=Faculty
[15-May-2025 16:38:10 UTC] Request parameters: campus=Lipa, year=2025, proposal_id=29, format=
[15-May-2025 16:38:16 UTC] Request parameters: campus=Lipa, year=2025, proposal_id=28, format=, position=Faculty
[15-May-2025 16:38:16 UTC] Request parameters: campus=Lipa, year=2025, proposal_id=28, format=
[15-May-2025 16:38:21 UTC] Request parameters: campus=Lipa, year=2025, proposal_id=29, format=, position=Faculty
[15-May-2025 16:38:21 UTC] Request parameters: campus=Lipa, year=2025, proposal_id=29, format=
[15-May-2025 16:38:24 UTC] Request parameters: campus=Lipa, year=2025, proposal_id=28, format=, position=Faculty
[15-May-2025 16:38:24 UTC] Request parameters: campus=Lipa, year=2025, proposal_id=28, format=
[15-May-2025 16:38:29 UTC] Request parameters: campus=Lipa, year=2025, proposal_id=29, format=, position=Faculty
[15-May-2025 16:38:29 UTC] Request parameters: campus=Lipa, year=2025, proposal_id=29, format=
[15-May-2025 16:38:54 UTC] Request parameters: campus=Lipa, year=2025, proposal_id=29, format=, position=Faculty
[15-May-2025 16:38:54 UTC] Request parameters: campus=Lipa, year=2025, proposal_id=29, format=
[15-May-2025 16:39:02 UTC] Request parameters: campus=Lipa, year=2025, proposal_id=28, format=, position=Faculty
[15-May-2025 16:39:02 UTC] Request parameters: campus=Lipa, year=2025, proposal_id=28, format=
[15-May-2025 16:39:07 UTC] Request parameters: campus=Lipa, year=2025, proposal_id=29, format=, position=Faculty
[15-May-2025 16:39:07 UTC] Request parameters: campus=Lipa, year=2025, proposal_id=29, format=
[15-May-2025 16:40:02 UTC] Request parameters: campus=Lipa, year=2025, proposal_id=29, format=, position=Faculty
[15-May-2025 16:40:02 UTC] Request parameters: campus=Lipa, year=2025, proposal_id=29, format=
[15-May-2025 16:40:04 UTC] Request parameters: campus=Lipa, year=2025, proposal_id=28, format=
[15-May-2025 16:40:04 UTC] Request parameters: campus=Lipa, year=2025, proposal_id=28, format=, position=Faculty
[15-May-2025 16:45:11 UTC] Request parameters: campus=Lipa, year=2025, proposal_id=29, format=, position=Faculty
[15-May-2025 16:45:11 UTC] Request parameters: campus=Lipa, year=2025, proposal_id=29, format=
[15-May-2025 16:45:18 UTC] Request parameters: campus=Lipa, year=2025, proposal_id=28, format=
[15-May-2025 16:45:18 UTC] Request parameters: campus=Lipa, year=2025, proposal_id=28, format=, position=Faculty
[15-May-2025 16:45:51 UTC] Request parameters: campus=Lipa, year=2025, proposal_id=29, format=, position=Faculty
[15-May-2025 16:45:51 UTC] Request parameters: campus=Lipa, year=2025, proposal_id=29, format=
[15-May-2025 16:45:55 UTC] Request parameters: campus=Lipa, year=2025, proposal_id=28, format=
[15-May-2025 16:45:55 UTC] Request parameters: campus=Lipa, year=2025, proposal_id=28, format=, position=Faculty
[15-May-2025 16:49:03 UTC] Request parameters: campus=Lipa, year=2025, proposal_id=28, format=, position=Faculty
[15-May-2025 16:49:03 UTC] Request parameters: campus=Lipa, year=2025, proposal_id=28, format=
[15-May-2025 16:49:08 UTC] Request parameters: campus=Lipa, year=2025, proposal_id=29, format=
[15-May-2025 16:49:08 UTC] Request parameters: campus=Lipa, year=2025, proposal_id=29, format=, position=Faculty
[15-May-2025 23:07:39 UTC] Request parameters: campus=Lipa, year=2025, proposal_id=29, format=, position=Faculty
[15-May-2025 23:07:39 UTC] Request parameters: campus=Lipa, year=2025, proposal_id=29, format=
[15-May-2025 23:07:44 UTC] Request parameters: campus=Lipa, year=2025, proposal_id=28, format=, position=Faculty
[15-May-2025 23:07:44 UTC] Request parameters: campus=Lipa, year=2025, proposal_id=28, format=
[15-May-2025 23:07:47 UTC] Request parameters: campus=Lipa, year=2025, proposal_id=29, format=, position=Faculty
[15-May-2025 23:07:47 UTC] Request parameters: campus=Lipa, year=2025, proposal_id=29, format=
[15-May-2025 23:07:50 UTC] Request parameters: campus=Lipa, year=2025, proposal_id=28, format=, position=Faculty
[15-May-2025 23:07:50 UTC] Request parameters: campus=Lipa, year=2025, proposal_id=28, format=
[15-May-2025 23:07:54 UTC] Request parameters: campus=Lipa, year=2025, proposal_id=29, format=
[15-May-2025 23:07:54 UTC] Request parameters: campus=Lipa, year=2025, proposal_id=29, format=, position=Faculty
[15-May-2025 23:09:08 UTC] Request parameters: campus=Lipa, year=2025, proposal_id=29, format=, position=Faculty
[15-May-2025 23:09:08 UTC] Request parameters: campus=Lipa, year=2025, proposal_id=29, format=
[15-May-2025 23:09:11 UTC] Request parameters: campus=Lipa, year=2025, proposal_id=28, format=
[15-May-2025 23:09:11 UTC] Request parameters: campus=Lipa, year=2025, proposal_id=28, format=, position=Faculty
[16-May-2025 02:20:45 UTC] Request parameters: campus=Lipa, year=2025, proposal_id=28, format=, position=Faculty
[16-May-2025 02:20:45 UTC] Request parameters: campus=Lipa, year=2025, proposal_id=28, format=
[16-May-2025 02:20:49 UTC] Request parameters: campus=Lipa, year=2025, proposal_id=18, format=
[16-May-2025 02:20:49 UTC] Request parameters: campus=Lipa, year=2025, proposal_id=18, format=, position=Faculty
